2017-02-20 1:21:18 - MOD: Modification Default

FILE: system/engine/action.php
REGEX: ~(require|include)(_once)?\(([^)]+)~
LINE: 41

FILE: system/engine/loader.php
REGEX: ~(require|include)(_once)?\(([^)]+)~
LINE: 49
LINE: 108
LINE: 120
LINE: 165

FILE: system/library/config.php
REGEX: ~(require|include)(_once)?\(([^)]+)~
LINE: 23

FILE: system/library/language.php
REGEX: ~(require|include)(_once)?\(([^)]+)~
LINE: 38
LINE: 40
LINE: 49
LINE: 51
LINE: 60
LINE: 62

FILE: system/library/template/php.php
REGEX: ~(require|include)(_once)?\(([^)]+)~
LINE: 18

FILE: system/library/template/tiwg.php
REGEX: ~(require|include)(_once)?\(([^)]+)~
LINE: 24
----------------------------------------------------------------
MOD: Auto Fill URL

FILE: admin/controller/catalog/product.php
CODE: function getForm()
LINE: 547

FILE: admin/controller/catalog/category.php
CODE: function getForm()
LINE: 300

FILE: admin/controller/catalog/manufacturer.php
CODE: function getForm()
LINE: 265

FILE: admin/controller/catalog/information.php
CODE: function getForm()
LINE: 265

FILE: admin/view/template/catalog/product_form.tpl
CODE: <?php echo $footer; ?>
LINE: 1416

FILE: admin/view/template/catalog/category_form.tpl
CODE: <?php echo $footer; ?>
LINE: 305

FILE: admin/view/template/catalog/manufacturer_form.tpl
CODE: <?php echo $footer; ?>
LINE: 96

FILE: admin/view/template/catalog/information_form.tpl
CODE: <?php echo $footer; ?>
LINE: 217
----------------------------------------------------------------
2017-03-04 1:49:44 - MOD: Modification Default

FILE: system/engine/action.php
REGEX: ~(require|include)(_once)?\(([^)]+)~
LINE: 41

FILE: system/engine/loader.php
REGEX: ~(require|include)(_once)?\(([^)]+)~
LINE: 49
LINE: 108
LINE: 120
LINE: 165

FILE: system/library/config.php
REGEX: ~(require|include)(_once)?\(([^)]+)~
LINE: 23

FILE: system/library/language.php
REGEX: ~(require|include)(_once)?\(([^)]+)~
LINE: 38
LINE: 40
LINE: 49
LINE: 51
LINE: 60
LINE: 62

FILE: system/library/template/php.php
REGEX: ~(require|include)(_once)?\(([^)]+)~
LINE: 18

FILE: system/library/template/tiwg.php
REGEX: ~(require|include)(_once)?\(([^)]+)~
LINE: 24
----------------------------------------------------------------
MOD: Auto Fill URL

FILE: admin/controller/catalog/product.php
CODE: function getForm()
LINE: 547

FILE: admin/controller/catalog/category.php
CODE: function getForm()
LINE: 300

FILE: admin/controller/catalog/manufacturer.php
CODE: function getForm()
LINE: 265

FILE: admin/controller/catalog/information.php
CODE: function getForm()
LINE: 265

FILE: admin/view/template/catalog/product_form.tpl
CODE: <?php echo $footer; ?>
LINE: 1416

FILE: admin/view/template/catalog/category_form.tpl
CODE: <?php echo $footer; ?>
LINE: 305

FILE: admin/view/template/catalog/manufacturer_form.tpl
CODE: <?php echo $footer; ?>
LINE: 96

FILE: admin/view/template/catalog/information_form.tpl
CODE: <?php echo $footer; ?>
LINE: 217
----------------------------------------------------------------
MOD: Nova Poshta API 2.0 Express Invoice

FILE: admin/controller/sale/order.php
CODE: $order_info = $this->model_sale_order->getOrder($order_id);
LINE: 779

FILE: admin/view/template/sale/order_info.tpl
CODE: pull-right">
LINE: 4
CODE: $data['invoice']
LINE: 192

FILE: admin/view/template/sale/order_list.tpl
CODE: <div class="pull-right">
LINE: 7
----------------------------------------------------------------
MOD: Nova Poshta API 2.0 for Default checkout

FILE: catalog/view/theme/default/template/checkout/checkout.tpl
CODE: //--></script>
LINE: 949

FILE: catalog/view/theme/free-fjord-cars-audio-lemon/template/checkout/checkout.tpl
CODE: //--></script>
LINE: 949

FILE: catalog/controller/checkout/checkout.php
CODE: $this->load->language('checkout/checkout');
LINE: 36

FILE: catalog/view/theme/default/template/checkout/shipping_method.tpl
CODE: </label>
LINE: 17

FILE: catalog/view/theme/free-fjord-cars-audio-lemon/template/checkout/shipping_method.tpl
CODE: </label>
LINE: 17
----------------------------------------------------------------
2017-03-04 17:48:11 - MOD: Modification Default

FILE: system/engine/action.php
REGEX: ~(require|include)(_once)?\(([^)]+)~
LINE: 41

FILE: system/engine/loader.php
REGEX: ~(require|include)(_once)?\(([^)]+)~
LINE: 49
LINE: 108
LINE: 120
LINE: 165

FILE: system/library/config.php
REGEX: ~(require|include)(_once)?\(([^)]+)~
LINE: 23

FILE: system/library/language.php
REGEX: ~(require|include)(_once)?\(([^)]+)~
LINE: 38
LINE: 40
LINE: 49
LINE: 51
LINE: 60
LINE: 62

FILE: system/library/template/php.php
REGEX: ~(require|include)(_once)?\(([^)]+)~
LINE: 18

FILE: system/library/template/tiwg.php
REGEX: ~(require|include)(_once)?\(([^)]+)~
LINE: 24
----------------------------------------------------------------
MOD: Auto Fill URL

FILE: admin/controller/catalog/product.php
CODE: function getForm()
LINE: 547

FILE: admin/controller/catalog/category.php
CODE: function getForm()
LINE: 300

FILE: admin/controller/catalog/manufacturer.php
CODE: function getForm()
LINE: 265

FILE: admin/controller/catalog/information.php
CODE: function getForm()
LINE: 265

FILE: admin/view/template/catalog/product_form.tpl
CODE: <?php echo $footer; ?>
LINE: 1416

FILE: admin/view/template/catalog/category_form.tpl
CODE: <?php echo $footer; ?>
LINE: 305

FILE: admin/view/template/catalog/manufacturer_form.tpl
CODE: <?php echo $footer; ?>
LINE: 96

FILE: admin/view/template/catalog/information_form.tpl
CODE: <?php echo $footer; ?>
LINE: 217
----------------------------------------------------------------
MOD: Nova Poshta API 2.0 Express Invoice

FILE: admin/controller/sale/order.php
CODE: $order_info = $this->model_sale_order->getOrder($order_id);
LINE: 779

FILE: admin/view/template/sale/order_info.tpl
CODE: pull-right">
LINE: 4
CODE: $data['invoice']
LINE: 192

FILE: admin/view/template/sale/order_list.tpl
CODE: <div class="pull-right">
LINE: 7
----------------------------------------------------------------
MOD: Nova Poshta API 2.0 for Default checkout

FILE: catalog/view/theme/default/template/checkout/checkout.tpl
CODE: //--></script>
LINE: 949

FILE: catalog/view/theme/free-fjord-cars-audio-lemon/template/checkout/checkout.tpl
CODE: //--></script>
LINE: 949

FILE: catalog/controller/checkout/checkout.php
CODE: $this->load->language('checkout/checkout');
LINE: 36

FILE: catalog/view/theme/default/template/checkout/shipping_method.tpl
CODE: </label>
LINE: 17

FILE: catalog/view/theme/free-fjord-cars-audio-lemon/template/checkout/shipping_method.tpl
CODE: </label>
LINE: 17
----------------------------------------------------------------
2017-03-07 2:10:40 - MOD: Modification Default

FILE: system/engine/action.php
REGEX: ~(require|include)(_once)?\(([^)]+)~
LINE: 41

FILE: system/engine/loader.php
REGEX: ~(require|include)(_once)?\(([^)]+)~
LINE: 49
LINE: 108
LINE: 120
LINE: 165

FILE: system/library/config.php
REGEX: ~(require|include)(_once)?\(([^)]+)~
LINE: 23

FILE: system/library/language.php
REGEX: ~(require|include)(_once)?\(([^)]+)~
LINE: 38
LINE: 40
LINE: 49
LINE: 51
LINE: 60
LINE: 62

FILE: system/library/template/php.php
REGEX: ~(require|include)(_once)?\(([^)]+)~
LINE: 18

FILE: system/library/template/tiwg.php
REGEX: ~(require|include)(_once)?\(([^)]+)~
LINE: 24
----------------------------------------------------------------
MOD: Auto Fill URL

FILE: admin/controller/catalog/product.php
CODE: function getForm()
LINE: 547

FILE: admin/controller/catalog/category.php
CODE: function getForm()
LINE: 300

FILE: admin/controller/catalog/manufacturer.php
CODE: function getForm()
LINE: 265

FILE: admin/controller/catalog/information.php
CODE: function getForm()
LINE: 265

FILE: admin/view/template/catalog/product_form.tpl
CODE: <?php echo $footer; ?>
LINE: 1416

FILE: admin/view/template/catalog/category_form.tpl
CODE: <?php echo $footer; ?>
LINE: 305

FILE: admin/view/template/catalog/manufacturer_form.tpl
CODE: <?php echo $footer; ?>
LINE: 96

FILE: admin/view/template/catalog/information_form.tpl
CODE: <?php echo $footer; ?>
LINE: 217
----------------------------------------------------------------
MOD: Nova Poshta API 2.0 Express Invoice

FILE: admin/controller/sale/order.php
CODE: $order_info = $this->model_sale_order->getOrder($order_id);
LINE: 779

FILE: admin/view/template/sale/order_info.tpl
CODE: pull-right">
LINE: 4
CODE: $data['invoice']
LINE: 192

FILE: admin/view/template/sale/order_list.tpl
CODE: <div class="pull-right">
LINE: 7
----------------------------------------------------------------
MOD: Nova Poshta API 2.0 for Simple checkout v. 4.3.1 - 4.4.X

FILE: catalog/controller/checkout/simplecheckout.php
CODE: $this->language->load('checkout/checkout');
LINE: 35

FILE: catalog/view/theme/default/template/checkout/simplecheckout.tpl
CODE: <?php include
LINE: 310

FILE: catalog/view/theme/default/template/checkout/simplecheckout_shipping.tpl
CODE: </label>
LINE: 65
----------------------------------------------------------------
2017-03-07 2:18:59 - MOD: Modification Default

FILE: system/engine/action.php
REGEX: ~(require|include)(_once)?\(([^)]+)~
LINE: 41

FILE: system/engine/loader.php
REGEX: ~(require|include)(_once)?\(([^)]+)~
LINE: 49
LINE: 108
LINE: 120
LINE: 165

FILE: system/library/config.php
REGEX: ~(require|include)(_once)?\(([^)]+)~
LINE: 23

FILE: system/library/language.php
REGEX: ~(require|include)(_once)?\(([^)]+)~
LINE: 38
LINE: 40
LINE: 49
LINE: 51
LINE: 60
LINE: 62

FILE: system/library/template/php.php
REGEX: ~(require|include)(_once)?\(([^)]+)~
LINE: 18

FILE: system/library/template/tiwg.php
REGEX: ~(require|include)(_once)?\(([^)]+)~
LINE: 24
----------------------------------------------------------------
MOD: Auto Fill URL

FILE: admin/controller/catalog/product.php
CODE: function getForm()
LINE: 547

FILE: admin/controller/catalog/category.php
CODE: function getForm()
LINE: 300

FILE: admin/controller/catalog/manufacturer.php
CODE: function getForm()
LINE: 265

FILE: admin/controller/catalog/information.php
CODE: function getForm()
LINE: 265

FILE: admin/view/template/catalog/product_form.tpl
CODE: <?php echo $footer; ?>
LINE: 1416

FILE: admin/view/template/catalog/category_form.tpl
CODE: <?php echo $footer; ?>
LINE: 305

FILE: admin/view/template/catalog/manufacturer_form.tpl
CODE: <?php echo $footer; ?>
LINE: 96

FILE: admin/view/template/catalog/information_form.tpl
CODE: <?php echo $footer; ?>
LINE: 217
----------------------------------------------------------------
MOD: Nova Poshta API 2.0 Express Invoice

FILE: admin/controller/sale/order.php
CODE: $order_info = $this->model_sale_order->getOrder($order_id);
LINE: 779

FILE: admin/view/template/sale/order_info.tpl
CODE: pull-right">
LINE: 4
CODE: $data['invoice']
LINE: 192

FILE: admin/view/template/sale/order_list.tpl
CODE: <div class="pull-right">
LINE: 7
----------------------------------------------------------------
MOD: Nova Poshta API 2.0 for Simple checkout v. 4.3.1 - 4.4.X

FILE: catalog/controller/checkout/simplecheckout.php
CODE: $this->language->load('checkout/checkout');
LINE: 35

FILE: catalog/view/theme/default/template/checkout/simplecheckout.tpl
CODE: <?php include
LINE: 310

FILE: catalog/view/theme/default/template/checkout/simplecheckout_shipping.tpl
CODE: </label>
LINE: 65
----------------------------------------------------------------
2017-03-09 2:46:13 - MOD: Modification Default

FILE: system/engine/action.php
REGEX: ~(require|include)(_once)?\(([^)]+)~
LINE: 41

FILE: system/engine/loader.php
REGEX: ~(require|include)(_once)?\(([^)]+)~
LINE: 49
LINE: 108
LINE: 120
LINE: 165

FILE: system/library/config.php
REGEX: ~(require|include)(_once)?\(([^)]+)~
LINE: 23

FILE: system/library/language.php
REGEX: ~(require|include)(_once)?\(([^)]+)~
LINE: 38
LINE: 40
LINE: 49
LINE: 51
LINE: 60
LINE: 62

FILE: system/library/template/php.php
REGEX: ~(require|include)(_once)?\(([^)]+)~
LINE: 18

FILE: system/library/template/tiwg.php
REGEX: ~(require|include)(_once)?\(([^)]+)~
LINE: 24
----------------------------------------------------------------
MOD: Auto Fill URL

FILE: admin/controller/catalog/product.php
CODE: function getForm()
LINE: 547

FILE: admin/controller/catalog/category.php
CODE: function getForm()
LINE: 300

FILE: admin/controller/catalog/manufacturer.php
CODE: function getForm()
LINE: 265

FILE: admin/controller/catalog/information.php
CODE: function getForm()
LINE: 265

FILE: admin/view/template/catalog/product_form.tpl
CODE: <?php echo $footer; ?>
LINE: 1416

FILE: admin/view/template/catalog/category_form.tpl
CODE: <?php echo $footer; ?>
LINE: 305

FILE: admin/view/template/catalog/manufacturer_form.tpl
CODE: <?php echo $footer; ?>
LINE: 96

FILE: admin/view/template/catalog/information_form.tpl
CODE: <?php echo $footer; ?>
LINE: 217
----------------------------------------------------------------
MOD: Nova Poshta API 2.0 Express Invoice

FILE: admin/controller/sale/order.php
CODE: $order_info = $this->model_sale_order->getOrder($order_id);
LINE: 779

FILE: admin/view/template/sale/order_info.tpl
CODE: pull-right">
LINE: 4
CODE: $data['invoice']
LINE: 192

FILE: admin/view/template/sale/order_list.tpl
CODE: <div class="pull-right">
LINE: 7
----------------------------------------------------------------
MOD: Nova Poshta API 2.0 for Simple checkout v. 4.3.1 - 4.4.X

FILE: catalog/controller/checkout/simplecheckout.php
CODE: $this->language->load('checkout/checkout');
LINE: 35

FILE: catalog/view/theme/default/template/checkout/simplecheckout.tpl
CODE: <?php include
LINE: 310

FILE: catalog/view/theme/default/template/checkout/simplecheckout_shipping.tpl
CODE: </label>
LINE: 65
----------------------------------------------------------------
2017-03-09 14:07:57 - MOD: Modification Default

FILE: system/engine/action.php
REGEX: ~(require|include)(_once)?\(([^)]+)~
LINE: 41

FILE: system/engine/loader.php
REGEX: ~(require|include)(_once)?\(([^)]+)~
LINE: 49
LINE: 108
LINE: 120
LINE: 165

FILE: system/library/config.php
REGEX: ~(require|include)(_once)?\(([^)]+)~
LINE: 23

FILE: system/library/language.php
REGEX: ~(require|include)(_once)?\(([^)]+)~
LINE: 38
LINE: 40
LINE: 49
LINE: 51
LINE: 60
LINE: 62

FILE: system/library/template/php.php
REGEX: ~(require|include)(_once)?\(([^)]+)~
LINE: 18

FILE: system/library/template/tiwg.php
REGEX: ~(require|include)(_once)?\(([^)]+)~
LINE: 24
----------------------------------------------------------------
MOD: Auto Fill URL

FILE: admin/controller/catalog/product.php
CODE: function getForm()
LINE: 547

FILE: admin/controller/catalog/category.php
CODE: function getForm()
LINE: 300

FILE: admin/controller/catalog/manufacturer.php
CODE: function getForm()
LINE: 265

FILE: admin/controller/catalog/information.php
CODE: function getForm()
LINE: 265

FILE: admin/view/template/catalog/product_form.tpl
CODE: <?php echo $footer; ?>
LINE: 1416

FILE: admin/view/template/catalog/category_form.tpl
CODE: <?php echo $footer; ?>
LINE: 305

FILE: admin/view/template/catalog/manufacturer_form.tpl
CODE: <?php echo $footer; ?>
LINE: 96

FILE: admin/view/template/catalog/information_form.tpl
CODE: <?php echo $footer; ?>
LINE: 217
----------------------------------------------------------------
MOD: Nova Poshta API 2.0 Express Invoice

FILE: admin/controller/sale/order.php
CODE: $order_info = $this->model_sale_order->getOrder($order_id);
LINE: 779

FILE: admin/view/template/sale/order_info.tpl
CODE: pull-right">
LINE: 4
CODE: $data['invoice']
LINE: 192

FILE: admin/view/template/sale/order_list.tpl
CODE: <div class="pull-right">
LINE: 7
----------------------------------------------------------------
MOD: Nova Poshta API 2.0 for Simple checkout v. 4.3.1 - 4.4.X

FILE: catalog/controller/checkout/simplecheckout.php
CODE: $this->language->load('checkout/checkout');
LINE: 35

FILE: catalog/view/theme/default/template/checkout/simplecheckout.tpl
CODE: <?php include
LINE: 310

FILE: catalog/view/theme/default/template/checkout/simplecheckout_shipping.tpl
CODE: </label>
LINE: 65
----------------------------------------------------------------
2017-03-09 14:35:11 - MOD: Modification Default

FILE: system/engine/action.php
REGEX: ~(require|include)(_once)?\(([^)]+)~
LINE: 41

FILE: system/engine/loader.php
REGEX: ~(require|include)(_once)?\(([^)]+)~
LINE: 49
LINE: 108
LINE: 120
LINE: 165

FILE: system/library/config.php
REGEX: ~(require|include)(_once)?\(([^)]+)~
LINE: 23

FILE: system/library/language.php
REGEX: ~(require|include)(_once)?\(([^)]+)~
LINE: 38
LINE: 40
LINE: 49
LINE: 51
LINE: 60
LINE: 62

FILE: system/library/template/php.php
REGEX: ~(require|include)(_once)?\(([^)]+)~
LINE: 18

FILE: system/library/template/tiwg.php
REGEX: ~(require|include)(_once)?\(([^)]+)~
LINE: 24
----------------------------------------------------------------
MOD: Auto Fill URL

FILE: admin/controller/catalog/product.php
CODE: function getForm()
LINE: 547

FILE: admin/controller/catalog/category.php
CODE: function getForm()
LINE: 300

FILE: admin/controller/catalog/manufacturer.php
CODE: function getForm()
LINE: 265

FILE: admin/controller/catalog/information.php
CODE: function getForm()
LINE: 265

FILE: admin/view/template/catalog/product_form.tpl
CODE: <?php echo $footer; ?>
LINE: 1416

FILE: admin/view/template/catalog/category_form.tpl
CODE: <?php echo $footer; ?>
LINE: 305

FILE: admin/view/template/catalog/manufacturer_form.tpl
CODE: <?php echo $footer; ?>
LINE: 96

FILE: admin/view/template/catalog/information_form.tpl
CODE: <?php echo $footer; ?>
LINE: 217
----------------------------------------------------------------
MOD: Nova Poshta API 2.0 Express Invoice

FILE: admin/controller/sale/order.php
CODE: $order_info = $this->model_sale_order->getOrder($order_id);
LINE: 779

FILE: admin/view/template/sale/order_info.tpl
CODE: pull-right">
LINE: 4
CODE: $data['invoice']
LINE: 192

FILE: admin/view/template/sale/order_list.tpl
CODE: <div class="pull-right">
LINE: 7
----------------------------------------------------------------
MOD: Nova Poshta API 2.0 for Simple checkout v. 4.3.1 - 4.4.X

FILE: catalog/controller/checkout/simplecheckout.php
CODE: $this->language->load('checkout/checkout');
LINE: 35

FILE: catalog/view/theme/default/template/checkout/simplecheckout.tpl
CODE: <?php include
LINE: 310

FILE: catalog/view/theme/default/template/checkout/simplecheckout_shipping.tpl
CODE: </label>
LINE: 65
----------------------------------------------------------------
2017-03-09 16:48:49 - MOD: Modification Default

FILE: system/engine/action.php
REGEX: ~(require|include)(_once)?\(([^)]+)~
LINE: 41

FILE: system/engine/loader.php
REGEX: ~(require|include)(_once)?\(([^)]+)~
LINE: 49
LINE: 108
LINE: 120
LINE: 165

FILE: system/library/config.php
REGEX: ~(require|include)(_once)?\(([^)]+)~
LINE: 23

FILE: system/library/language.php
REGEX: ~(require|include)(_once)?\(([^)]+)~
LINE: 38
LINE: 40
LINE: 49
LINE: 51
LINE: 60
LINE: 62

FILE: system/library/template/php.php
REGEX: ~(require|include)(_once)?\(([^)]+)~
LINE: 18

FILE: system/library/template/tiwg.php
REGEX: ~(require|include)(_once)?\(([^)]+)~
LINE: 24
----------------------------------------------------------------
MOD: Auto Fill URL

FILE: admin/controller/catalog/product.php
CODE: function getForm()
LINE: 547

FILE: admin/controller/catalog/category.php
CODE: function getForm()
LINE: 300

FILE: admin/controller/catalog/manufacturer.php
CODE: function getForm()
LINE: 265

FILE: admin/controller/catalog/information.php
CODE: function getForm()
LINE: 265

FILE: admin/view/template/catalog/product_form.tpl
CODE: <?php echo $footer; ?>
LINE: 1416

FILE: admin/view/template/catalog/category_form.tpl
CODE: <?php echo $footer; ?>
LINE: 305

FILE: admin/view/template/catalog/manufacturer_form.tpl
CODE: <?php echo $footer; ?>
LINE: 96

FILE: admin/view/template/catalog/information_form.tpl
CODE: <?php echo $footer; ?>
LINE: 217
----------------------------------------------------------------
MOD: Nova Poshta API 2.0 Express Invoice

FILE: admin/controller/sale/order.php
CODE: $order_info = $this->model_sale_order->getOrder($order_id);
LINE: 779

FILE: admin/view/template/sale/order_info.tpl
CODE: pull-right">
LINE: 4
CODE: $data['invoice']
LINE: 192

FILE: admin/view/template/sale/order_list.tpl
CODE: <div class="pull-right">
LINE: 7
----------------------------------------------------------------
MOD: Nova Poshta API 2.0 for Simple checkout v. 4.3.1 - 4.4.X

FILE: catalog/controller/checkout/simplecheckout.php
CODE: $this->language->load('checkout/checkout');
LINE: 35

FILE: catalog/view/theme/default/template/checkout/simplecheckout.tpl
CODE: <?php include
LINE: 310
----------------------------------------------------------------
2017-03-12 17:19:01 - MOD: Modification Default

FILE: system/engine/action.php
REGEX: ~(require|include)(_once)?\(([^)]+)~
LINE: 41

FILE: system/engine/loader.php
REGEX: ~(require|include)(_once)?\(([^)]+)~
LINE: 49
LINE: 108
LINE: 120
LINE: 165

FILE: system/library/config.php
REGEX: ~(require|include)(_once)?\(([^)]+)~
LINE: 23

FILE: system/library/language.php
REGEX: ~(require|include)(_once)?\(([^)]+)~
LINE: 38
LINE: 40
LINE: 49
LINE: 51
LINE: 60
LINE: 62

FILE: system/library/template/php.php
REGEX: ~(require|include)(_once)?\(([^)]+)~
LINE: 18

FILE: system/library/template/tiwg.php
REGEX: ~(require|include)(_once)?\(([^)]+)~
LINE: 24
----------------------------------------------------------------
MOD: Auto Fill URL

FILE: admin/controller/catalog/product.php
CODE: function getForm()
LINE: 547

FILE: admin/controller/catalog/category.php
CODE: function getForm()
LINE: 300

FILE: admin/controller/catalog/manufacturer.php
CODE: function getForm()
LINE: 265

FILE: admin/controller/catalog/information.php
CODE: function getForm()
LINE: 265

FILE: admin/view/template/catalog/product_form.tpl
CODE: <?php echo $footer; ?>
LINE: 1416

FILE: admin/view/template/catalog/category_form.tpl
CODE: <?php echo $footer; ?>
LINE: 305

FILE: admin/view/template/catalog/manufacturer_form.tpl
CODE: <?php echo $footer; ?>
LINE: 96

FILE: admin/view/template/catalog/information_form.tpl
CODE: <?php echo $footer; ?>
LINE: 217
----------------------------------------------------------------
MOD: Nova Poshta API 2.0 Express Invoice

FILE: admin/controller/sale/order.php
CODE: $order_info = $this->model_sale_order->getOrder($order_id);
LINE: 779

FILE: admin/view/template/sale/order_info.tpl
CODE: pull-right">
LINE: 4
CODE: $data['invoice']
LINE: 192

FILE: admin/view/template/sale/order_list.tpl
CODE: <div class="pull-right">
LINE: 7
----------------------------------------------------------------
MOD: Nova Poshta API 2.0 for Simple checkout v. 4.3.1 - 4.4.X

FILE: catalog/controller/checkout/simplecheckout.php
CODE: $this->language->load('checkout/checkout');
LINE: 35

FILE: catalog/view/theme/default/template/checkout/simplecheckout.tpl
CODE: <?php include
LINE: 316
----------------------------------------------------------------
2017-03-12 18:58:40 - MOD: Modification Default

FILE: system/engine/action.php
REGEX: ~(require|include)(_once)?\(([^)]+)~
LINE: 41

FILE: system/engine/loader.php
REGEX: ~(require|include)(_once)?\(([^)]+)~
LINE: 49
LINE: 108
LINE: 120
LINE: 165

FILE: system/library/config.php
REGEX: ~(require|include)(_once)?\(([^)]+)~
LINE: 23

FILE: system/library/language.php
REGEX: ~(require|include)(_once)?\(([^)]+)~
LINE: 38
LINE: 40
LINE: 49
LINE: 51
LINE: 60
LINE: 62

FILE: system/library/template/php.php
REGEX: ~(require|include)(_once)?\(([^)]+)~
LINE: 18

FILE: system/library/template/tiwg.php
REGEX: ~(require|include)(_once)?\(([^)]+)~
LINE: 24
----------------------------------------------------------------
MOD: Auto Fill URL

FILE: admin/controller/catalog/product.php
CODE: function getForm()
LINE: 547

FILE: admin/controller/catalog/category.php
CODE: function getForm()
LINE: 300

FILE: admin/controller/catalog/manufacturer.php
CODE: function getForm()
LINE: 265

FILE: admin/controller/catalog/information.php
CODE: function getForm()
LINE: 265

FILE: admin/view/template/catalog/product_form.tpl
CODE: <?php echo $footer; ?>
LINE: 1416

FILE: admin/view/template/catalog/category_form.tpl
CODE: <?php echo $footer; ?>
LINE: 305

FILE: admin/view/template/catalog/manufacturer_form.tpl
CODE: <?php echo $footer; ?>
LINE: 96

FILE: admin/view/template/catalog/information_form.tpl
CODE: <?php echo $footer; ?>
LINE: 217
----------------------------------------------------------------
MOD: Nova Poshta API 2.0 Express Invoice

FILE: admin/controller/sale/order.php
CODE: $order_info = $this->model_sale_order->getOrder($order_id);
LINE: 779

FILE: admin/view/template/sale/order_info.tpl
CODE: pull-right">
LINE: 4
CODE: $data['invoice']
LINE: 192

FILE: admin/view/template/sale/order_list.tpl
CODE: <div class="pull-right">
LINE: 7
----------------------------------------------------------------
MOD: Nova Poshta API 2.0 for Simple checkout v. 4.3.1 - 4.4.X

FILE: catalog/controller/checkout/simplecheckout.php
CODE: $this->language->load('checkout/checkout');
LINE: 35

FILE: catalog/view/theme/default/template/checkout/simplecheckout.tpl
CODE: <?php include
LINE: 316
----------------------------------------------------------------
2017-03-12 19:02:05 - MOD: Modification Default

FILE: system/engine/action.php
REGEX: ~(require|include)(_once)?\(([^)]+)~
LINE: 41

FILE: system/engine/loader.php
REGEX: ~(require|include)(_once)?\(([^)]+)~
LINE: 49
LINE: 108
LINE: 120
LINE: 165

FILE: system/library/config.php
REGEX: ~(require|include)(_once)?\(([^)]+)~
LINE: 23

FILE: system/library/language.php
REGEX: ~(require|include)(_once)?\(([^)]+)~
LINE: 38
LINE: 40
LINE: 49
LINE: 51
LINE: 60
LINE: 62

FILE: system/library/template/php.php
REGEX: ~(require|include)(_once)?\(([^)]+)~
LINE: 18

FILE: system/library/template/tiwg.php
REGEX: ~(require|include)(_once)?\(([^)]+)~
LINE: 24
----------------------------------------------------------------
MOD: Auto Fill URL

FILE: admin/controller/catalog/product.php
CODE: function getForm()
LINE: 547

FILE: admin/controller/catalog/category.php
CODE: function getForm()
LINE: 300

FILE: admin/controller/catalog/manufacturer.php
CODE: function getForm()
LINE: 265

FILE: admin/controller/catalog/information.php
CODE: function getForm()
LINE: 265

FILE: admin/view/template/catalog/product_form.tpl
CODE: <?php echo $footer; ?>
LINE: 1416

FILE: admin/view/template/catalog/category_form.tpl
CODE: <?php echo $footer; ?>
LINE: 305

FILE: admin/view/template/catalog/manufacturer_form.tpl
CODE: <?php echo $footer; ?>
LINE: 96

FILE: admin/view/template/catalog/information_form.tpl
CODE: <?php echo $footer; ?>
LINE: 217
----------------------------------------------------------------
MOD: Nova Poshta API 2.0 Express Invoice

FILE: admin/controller/sale/order.php
CODE: $order_info = $this->model_sale_order->getOrder($order_id);
LINE: 779

FILE: admin/view/template/sale/order_info.tpl
CODE: pull-right">
LINE: 4
CODE: $data['invoice']
LINE: 192

FILE: admin/view/template/sale/order_list.tpl
CODE: <div class="pull-right">
LINE: 7
----------------------------------------------------------------
MOD: Nova Poshta API 2.0 for Simple checkout v. 4.3.1 - 4.4.X

FILE: catalog/controller/checkout/simplecheckout.php
CODE: $this->language->load('checkout/checkout');
LINE: 35

FILE: catalog/view/theme/default/template/checkout/simplecheckout.tpl
CODE: <?php include
LINE: 316
----------------------------------------------------------------
2017-03-13 23:46:03 - MOD: Modification Default

FILE: system/engine/action.php
REGEX: ~(require|include)(_once)?\(([^)]+)~
LINE: 41

FILE: system/engine/loader.php
REGEX: ~(require|include)(_once)?\(([^)]+)~
LINE: 49
LINE: 108
LINE: 120
LINE: 165

FILE: system/library/config.php
REGEX: ~(require|include)(_once)?\(([^)]+)~
LINE: 23

FILE: system/library/language.php
REGEX: ~(require|include)(_once)?\(([^)]+)~
LINE: 38
LINE: 40
LINE: 49
LINE: 51
LINE: 60
LINE: 62

FILE: system/library/template/php.php
REGEX: ~(require|include)(_once)?\(([^)]+)~
LINE: 18

FILE: system/library/template/tiwg.php
REGEX: ~(require|include)(_once)?\(([^)]+)~
LINE: 24
----------------------------------------------------------------
MOD: Auto Fill URL

FILE: admin/controller/catalog/product.php
CODE: function getForm()
LINE: 547

FILE: admin/controller/catalog/category.php
CODE: function getForm()
LINE: 300

FILE: admin/controller/catalog/manufacturer.php
CODE: function getForm()
LINE: 265

FILE: admin/controller/catalog/information.php
CODE: function getForm()
LINE: 265

FILE: admin/view/template/catalog/product_form.tpl
CODE: <?php echo $footer; ?>
LINE: 1416

FILE: admin/view/template/catalog/category_form.tpl
CODE: <?php echo $footer; ?>
LINE: 305

FILE: admin/view/template/catalog/manufacturer_form.tpl
CODE: <?php echo $footer; ?>
LINE: 96

FILE: admin/view/template/catalog/information_form.tpl
CODE: <?php echo $footer; ?>
LINE: 217
----------------------------------------------------------------
MOD: Nova Poshta API 2.0 Express Invoice

FILE: admin/controller/sale/order.php
CODE: $order_info = $this->model_sale_order->getOrder($order_id);
LINE: 779

FILE: admin/view/template/sale/order_info.tpl
CODE: pull-right">
LINE: 4
CODE: $data['invoice']
LINE: 192

FILE: admin/view/template/sale/order_list.tpl
CODE: <div class="pull-right">
LINE: 7
----------------------------------------------------------------
MOD: Nova Poshta API 2.0 for Simple checkout v. 4.3.1 - 4.4.X

FILE: catalog/controller/checkout/simplecheckout.php
CODE: $this->language->load('checkout/checkout');
LINE: 35

FILE: catalog/view/theme/default/template/checkout/simplecheckout.tpl
CODE: <?php include
LINE: 319
----------------------------------------------------------------
2017-03-27 1:24:09 - MOD: Modification Default

FILE: system/engine/action.php
REGEX: ~(require|include)(_once)?\(([^)]+)~
LINE: 41

FILE: system/engine/loader.php
REGEX: ~(require|include)(_once)?\(([^)]+)~
LINE: 49
LINE: 108
LINE: 120
LINE: 165

FILE: system/library/config.php
REGEX: ~(require|include)(_once)?\(([^)]+)~
LINE: 23

FILE: system/library/language.php
REGEX: ~(require|include)(_once)?\(([^)]+)~
LINE: 38
LINE: 40
LINE: 49
LINE: 51
LINE: 60
LINE: 62

FILE: system/library/template/php.php
REGEX: ~(require|include)(_once)?\(([^)]+)~
LINE: 18

FILE: system/library/template/tiwg.php
REGEX: ~(require|include)(_once)?\(([^)]+)~
LINE: 24
----------------------------------------------------------------
MOD: Auto Fill URL

FILE: admin/controller/catalog/product.php
CODE: function getForm()
LINE: 547

FILE: admin/controller/catalog/category.php
CODE: function getForm()
LINE: 300

FILE: admin/controller/catalog/manufacturer.php
CODE: function getForm()
LINE: 265

FILE: admin/controller/catalog/information.php
CODE: function getForm()
LINE: 265

FILE: admin/view/template/catalog/product_form.tpl
CODE: <?php echo $footer; ?>
LINE: 1424

FILE: admin/view/template/catalog/category_form.tpl
CODE: <?php echo $footer; ?>
LINE: 305

FILE: admin/view/template/catalog/manufacturer_form.tpl
CODE: <?php echo $footer; ?>
LINE: 98

FILE: admin/view/template/catalog/information_form.tpl
CODE: <?php echo $footer; ?>
LINE: 217
----------------------------------------------------------------
MOD: Nova Poshta API 2.0 Express Invoice

FILE: admin/controller/sale/order.php
CODE: $order_info = $this->model_sale_order->getOrder($order_id);
LINE: 779

FILE: admin/view/template/sale/order_info.tpl
CODE: pull-right">
LINE: 4
CODE: $data['invoice']
LINE: 192

FILE: admin/view/template/sale/order_list.tpl
CODE: <div class="pull-right">
LINE: 7
----------------------------------------------------------------
MOD: Nova Poshta API 2.0 for Simple checkout v. 4.3.1 - 4.4.X

FILE: catalog/controller/checkout/simplecheckout.php
CODE: $this->language->load('checkout/checkout');
LINE: 35

FILE: catalog/view/theme/default/template/checkout/simplecheckout.tpl
CODE: <?php include
LINE: 319
----------------------------------------------------------------
2017-03-27 1:27:48 - MOD: Modification Default

FILE: system/engine/action.php
REGEX: ~(require|include)(_once)?\(([^)]+)~
LINE: 41

FILE: system/engine/loader.php
REGEX: ~(require|include)(_once)?\(([^)]+)~
LINE: 49
LINE: 108
LINE: 120
LINE: 165

FILE: system/library/config.php
REGEX: ~(require|include)(_once)?\(([^)]+)~
LINE: 23

FILE: system/library/language.php
REGEX: ~(require|include)(_once)?\(([^)]+)~
LINE: 38
LINE: 40
LINE: 49
LINE: 51
LINE: 60
LINE: 62

FILE: system/library/template/php.php
REGEX: ~(require|include)(_once)?\(([^)]+)~
LINE: 18

FILE: system/library/template/tiwg.php
REGEX: ~(require|include)(_once)?\(([^)]+)~
LINE: 24
----------------------------------------------------------------
MOD: Auto Fill URL

FILE: admin/controller/catalog/product.php
CODE: function getForm()
LINE: 547

FILE: admin/controller/catalog/category.php
CODE: function getForm()
LINE: 300

FILE: admin/controller/catalog/manufacturer.php
CODE: function getForm()
LINE: 265

FILE: admin/controller/catalog/information.php
CODE: function getForm()
LINE: 265

FILE: admin/view/template/catalog/product_form.tpl
CODE: <?php echo $footer; ?>
LINE: 1425

FILE: admin/view/template/catalog/category_form.tpl
CODE: <?php echo $footer; ?>
LINE: 305

FILE: admin/view/template/catalog/manufacturer_form.tpl
CODE: <?php echo $footer; ?>
LINE: 98

FILE: admin/view/template/catalog/information_form.tpl
CODE: <?php echo $footer; ?>
LINE: 217
----------------------------------------------------------------
MOD: Nova Poshta API 2.0 Express Invoice

FILE: admin/controller/sale/order.php
CODE: $order_info = $this->model_sale_order->getOrder($order_id);
LINE: 779

FILE: admin/view/template/sale/order_info.tpl
CODE: pull-right">
LINE: 4
CODE: $data['invoice']
LINE: 192

FILE: admin/view/template/sale/order_list.tpl
CODE: <div class="pull-right">
LINE: 7
----------------------------------------------------------------
MOD: Nova Poshta API 2.0 for Simple checkout v. 4.3.1 - 4.4.X

FILE: catalog/controller/checkout/simplecheckout.php
CODE: $this->language->load('checkout/checkout');
LINE: 35

FILE: catalog/view/theme/default/template/checkout/simplecheckout.tpl
CODE: <?php include
LINE: 319
----------------------------------------------------------------
2017-03-27 1:28:12 - MOD: Modification Default

FILE: system/engine/action.php
REGEX: ~(require|include)(_once)?\(([^)]+)~
LINE: 41

FILE: system/engine/loader.php
REGEX: ~(require|include)(_once)?\(([^)]+)~
LINE: 49
LINE: 108
LINE: 120
LINE: 165

FILE: system/library/config.php
REGEX: ~(require|include)(_once)?\(([^)]+)~
LINE: 23

FILE: system/library/language.php
REGEX: ~(require|include)(_once)?\(([^)]+)~
LINE: 38
LINE: 40
LINE: 49
LINE: 51
LINE: 60
LINE: 62

FILE: system/library/template/php.php
REGEX: ~(require|include)(_once)?\(([^)]+)~
LINE: 18

FILE: system/library/template/tiwg.php
REGEX: ~(require|include)(_once)?\(([^)]+)~
LINE: 24
----------------------------------------------------------------
MOD: Auto Fill URL

FILE: admin/controller/catalog/product.php
CODE: function getForm()
LINE: 547

FILE: admin/controller/catalog/category.php
CODE: function getForm()
LINE: 300

FILE: admin/controller/catalog/manufacturer.php
CODE: function getForm()
LINE: 265

FILE: admin/controller/catalog/information.php
CODE: function getForm()
LINE: 265

FILE: admin/view/template/catalog/product_form.tpl
CODE: <?php echo $footer; ?>
LINE: 1425

FILE: admin/view/template/catalog/category_form.tpl
CODE: <?php echo $footer; ?>
LINE: 305

FILE: admin/view/template/catalog/manufacturer_form.tpl
CODE: <?php echo $footer; ?>
LINE: 98

FILE: admin/view/template/catalog/information_form.tpl
CODE: <?php echo $footer; ?>
LINE: 217
----------------------------------------------------------------
MOD: Nova Poshta API 2.0 Express Invoice

FILE: admin/controller/sale/order.php
CODE: $order_info = $this->model_sale_order->getOrder($order_id);
LINE: 779

FILE: admin/view/template/sale/order_info.tpl
CODE: pull-right">
LINE: 4
CODE: $data['invoice']
LINE: 192

FILE: admin/view/template/sale/order_list.tpl
CODE: <div class="pull-right">
LINE: 7
----------------------------------------------------------------
MOD: Nova Poshta API 2.0 for Simple checkout v. 4.3.1 - 4.4.X

FILE: catalog/controller/checkout/simplecheckout.php
CODE: $this->language->load('checkout/checkout');
LINE: 35

FILE: catalog/view/theme/default/template/checkout/simplecheckout.tpl
CODE: <?php include
LINE: 319
----------------------------------------------------------------
2017-03-27 1:28:17 - MOD: Modification Default

FILE: system/engine/action.php
REGEX: ~(require|include)(_once)?\(([^)]+)~
LINE: 41

FILE: system/engine/loader.php
REGEX: ~(require|include)(_once)?\(([^)]+)~
LINE: 49
LINE: 108
LINE: 120
LINE: 165

FILE: system/library/config.php
REGEX: ~(require|include)(_once)?\(([^)]+)~
LINE: 23

FILE: system/library/language.php
REGEX: ~(require|include)(_once)?\(([^)]+)~
LINE: 38
LINE: 40
LINE: 49
LINE: 51
LINE: 60
LINE: 62

FILE: system/library/template/php.php
REGEX: ~(require|include)(_once)?\(([^)]+)~
LINE: 18

FILE: system/library/template/tiwg.php
REGEX: ~(require|include)(_once)?\(([^)]+)~
LINE: 24
----------------------------------------------------------------
MOD: Auto Fill URL

FILE: admin/controller/catalog/product.php
CODE: function getForm()
LINE: 547

FILE: admin/controller/catalog/category.php
CODE: function getForm()
LINE: 300

FILE: admin/controller/catalog/manufacturer.php
CODE: function getForm()
LINE: 265

FILE: admin/controller/catalog/information.php
CODE: function getForm()
LINE: 265

FILE: admin/view/template/catalog/product_form.tpl
CODE: <?php echo $footer; ?>
LINE: 1425

FILE: admin/view/template/catalog/category_form.tpl
CODE: <?php echo $footer; ?>
LINE: 305

FILE: admin/view/template/catalog/manufacturer_form.tpl
CODE: <?php echo $footer; ?>
LINE: 98

FILE: admin/view/template/catalog/information_form.tpl
CODE: <?php echo $footer; ?>
LINE: 217
----------------------------------------------------------------
MOD: Nova Poshta API 2.0 Express Invoice

FILE: admin/controller/sale/order.php
CODE: $order_info = $this->model_sale_order->getOrder($order_id);
LINE: 779

FILE: admin/view/template/sale/order_info.tpl
CODE: pull-right">
LINE: 4
CODE: $data['invoice']
LINE: 192

FILE: admin/view/template/sale/order_list.tpl
CODE: <div class="pull-right">
LINE: 7
----------------------------------------------------------------
MOD: Nova Poshta API 2.0 for Simple checkout v. 4.3.1 - 4.4.X

FILE: catalog/controller/checkout/simplecheckout.php
CODE: $this->language->load('checkout/checkout');
LINE: 35

FILE: catalog/view/theme/default/template/checkout/simplecheckout.tpl
CODE: <?php include
LINE: 319
----------------------------------------------------------------
2017-03-29 0:01:10 - MOD: Modification Default

FILE: system/engine/action.php
REGEX: ~(require|include)(_once)?\(([^)]+)~
LINE: 41

FILE: system/engine/loader.php
REGEX: ~(require|include)(_once)?\(([^)]+)~
LINE: 49
LINE: 108
LINE: 120
LINE: 165

FILE: system/library/config.php
REGEX: ~(require|include)(_once)?\(([^)]+)~
LINE: 23

FILE: system/library/language.php
REGEX: ~(require|include)(_once)?\(([^)]+)~
LINE: 38
LINE: 40
LINE: 49
LINE: 51
LINE: 60
LINE: 62

FILE: system/library/template/php.php
REGEX: ~(require|include)(_once)?\(([^)]+)~
LINE: 18

FILE: system/library/template/tiwg.php
REGEX: ~(require|include)(_once)?\(([^)]+)~
LINE: 24
----------------------------------------------------------------
MOD: Auto Fill URL

FILE: admin/controller/catalog/product.php
CODE: function getForm()
LINE: 547

FILE: admin/controller/catalog/category.php
CODE: function getForm()
LINE: 300

FILE: admin/controller/catalog/manufacturer.php
CODE: function getForm()
LINE: 265

FILE: admin/controller/catalog/information.php
CODE: function getForm()
LINE: 265

FILE: admin/view/template/catalog/product_form.tpl
CODE: <?php echo $footer; ?>
LINE: 1425

FILE: admin/view/template/catalog/category_form.tpl
CODE: <?php echo $footer; ?>
LINE: 305

FILE: admin/view/template/catalog/manufacturer_form.tpl
CODE: <?php echo $footer; ?>
LINE: 98

FILE: admin/view/template/catalog/information_form.tpl
CODE: <?php echo $footer; ?>
LINE: 217
----------------------------------------------------------------
MOD: Nova Poshta API 2.0 Express Invoice

FILE: admin/controller/sale/order.php
CODE: $order_info = $this->model_sale_order->getOrder($order_id);
LINE: 779

FILE: admin/view/template/sale/order_info.tpl
CODE: pull-right">
LINE: 4
CODE: $data['invoice']
LINE: 192

FILE: admin/view/template/sale/order_list.tpl
CODE: <div class="pull-right">
LINE: 7
----------------------------------------------------------------
MOD: Nova Poshta API 2.0 for Simple checkout v. 4.3.1 - 4.4.X

FILE: catalog/controller/checkout/simplecheckout.php
CODE: $this->language->load('checkout/checkout');
LINE: 35

FILE: catalog/view/theme/default/template/checkout/simplecheckout.tpl
CODE: <?php include
LINE: 319
----------------------------------------------------------------
